<?xml version="1.0" encoding="UTF-8"?>
<testng-results ignored="0" total="2" passed="2" failed="0" skipped="0">
  <reporter-output>
  </reporter-output>
  <suite started-at="2025-01-29T16:26:52 IST" name="Default suite" finished-at="2025-01-29T16:27:18 IST" duration-ms="25895">
    <groups>
    </groups>
    <test started-at="2025-01-29T16:26:52 IST" name="Default test" finished-at="2025-01-29T16:27:18 IST" duration-ms="25895">
      <class name="framework.tests.DemoWebShopTests">
        <test-method is-config="true" signature="setup()[pri:0, instance:framework.tests.DemoWebShopTests@8c3b9d]" started-at="2025-01-29T16:26:52 IST" name="setup" finished-at="2025-01-29T16:27:01 IST" duration-ms="8152" status="PASS">
          <reporter-output>
          </reporter-output>
        </test-method> <!-- setup -->
        <test-method signature="registerUserTest()[pri:1, instance:framework.tests.DemoWebShopTests@8c3b9d]" started-at="2025-01-29T16:27:01 IST" name="registerUserTest" finished-at="2025-01-29T16:27:06 IST" duration-ms="5140" status="PASS">
          <reporter-output>
          </reporter-output>
        </test-method> <!-- registerUserTest -->
        <test-method signature="addItemToCartTest()[pri:2, instance:framework.tests.DemoWebShopTests@8c3b9d]" started-at="2025-01-29T16:27:06 IST" name="addItemToCartTest" finished-at="2025-01-29T16:27:17 IST" depends-on-methods="framework.tests.DemoWebShopTests.registerUserTest" duration-ms="11320" status="PASS">
          <reporter-output>
          </reporter-output>
        </test-method> <!-- addItemToCartTest -->
        <test-method is-config="true" signature="teardown()[pri:0, instance:framework.tests.DemoWebShopTests@8c3b9d]" started-at="2025-01-29T16:27:17 IST" name="teardown" finished-at="2025-01-29T16:27:18 IST" duration-ms="1232" status="PASS">
          <reporter-output>
          </reporter-output>
        </test-method> <!-- teardown -->
      </class> <!-- framework.tests.DemoWebShopTests -->
    </test> <!-- Default test -->
  </suite> <!-- Default suite -->
</testng-results>
